<?xml version="1.0" encoding="UTF-8"?>
<!-- Generated by org.testng.reporters.JUnitXMLReporter -->
<testsuite ignored="5" hostname="DESKTOP-7R54CV9" failures="0" tests="1" name="Default test" time="8.225" errors="0" timestamp="2023-01-08T17:07:41 IST">
  <testcase classname="com.mystore.testcases.TS01_RegistrationFunctionalityTest" name="verifyConfirmPasswordWithBlankData" time="3.045"/>
  <testcase classname="com.mystore.testcases.TS01_RegistrationFunctionalityTest" name="verifyUserRegistration" time="0.0">
    <ignored/>
  </testcase> <!-- verifyUserRegistration -->
  <testcase classname="com.mystore.testcases.TS01_RegistrationFunctionalityTest" name="verifyPasswordWithBlankData" time="0.0">
    <ignored/>
  </testcase> <!-- verifyPasswordWithBlankData -->
  <testcase classname="com.mystore.testcases.TS01_RegistrationFunctionalityTest" name="verifylastnameWithBlankData" time="0.0">
    <ignored/>
  </testcase> <!-- verifylastnameWithBlankData -->
  <testcase classname="com.mystore.testcases.TS01_RegistrationFunctionalityTest" name="verifyFirstnameWithBlankData" time="0.0">
    <ignored/>
  </testcase> <!-- verifyFirstnameWithBlankData -->
  <testcase classname="com.mystore.testcases.TS01_RegistrationFunctionalityTest" name="verifyEmailWithBlankData" time="0.0">
    <ignored/>
  </testcase> <!-- verifyEmailWithBlankData -->
</testsuite> <!-- Default test -->
